<?xml version="1.0" encoding="UTF-8"?>
<!-- Generated by org.testng.reporters.JUnitXMLReporter -->
<testsuite ignored="0" hostname="DESKTOP-3UVMB4T" failures="0" tests="8" name="Test" time="246.215" errors="0" timestamp="2021-07-08T22:12:08 BDT">
  <testcase classname="Test_Case.T02_LoginPageValidation" name="loginpage" time="90.781"/>
  <testcase classname="Test_Case.T04_LoginPageValidationExcel" name="loginpage" time="44.085"/>
  <testcase classname="Test_Case.T05_LoginPageValidation" name="loadloginURL" time="62.688"/>
  <testcase classname="Test_Case.T05_LoginPageValidation" name="loginpagetitleValidation" time="0.008"/>
  <testcase classname="Test_Case.T05_LoginPageValidation" name="loginFunctionlity" time="2.447"/>
  <testcase classname="Test_Case.T05_LoginPageValidation" name="afterlogintitleValidation" time="0.012"/>
  <testcase classname="Test_Case.T05_LoginPageValidation" name="logoutFuntionlity" time="0.99"/>
  <testcase classname="Test_Case.T01_HomePageValidation" name="homepageValidation" time="37.457"/>
</testsuite> <!-- Test -->
