<?xml version="1.0" encoding="UTF-8"?>
<!-- Generated by org.testng.reporters.JUnitXMLReporter -->
<testsuite ignored="0" hostname="DESKTOP-3UVMB4T" failures="0" tests="5" name="Default test" time="342.282" errors="0" timestamp="2021-07-08T21:55:51 BDT">
  <testcase classname="Test_Case.T05_LoginPageValidation" name="loadloginURL" time="227.366"/>
  <testcase classname="Test_Case.T05_LoginPageValidation" name="loginpagetitleValidation" time="0.01"/>
  <testcase classname="Test_Case.T05_LoginPageValidation" name="loginFunctionlity" time="39.585"/>
  <testcase classname="Test_Case.T05_LoginPageValidation" name="afterlogintitleValidation" time="0.009"/>
  <testcase classname="Test_Case.T05_LoginPageValidation" name="logoutFuntionlity" time="4.03"/>
</testsuite> <!-- Default test -->
